CRITICAL - 2023-02-21 14:56:58 --> Undefined variable $page_title
in APPPATH\Views\admin\pages\login.php on line 7.
 1 APPPATH\Views\admin\pages\login.php(7): CodeIgniter\Debug\Exceptions->errorHandler(2, 'Undefined variable $page_title', 'APPPATH\\Views\\admin\\pages\\login.php', 7)
 2 SYSTEMPATH\View\View.php(213): include('APPPATH\\Views\\admin\\pages\\login.php')
 3 SYSTEMPATH\View\View.php(216): CodeIgniter\View\View->CodeIgniter\View\{closure}()
 4 SYSTEMPATH\Common.php(1177): CodeIgniter\View\View->render('admin/pages/login', [], true)
 5 APPPATH\Controllers\DashController.php(12): view('admin/pages/login')
 6 SYSTEMPATH\CodeIgniter.php(934): App\Controllers\DashController->index()
 7 SYSTEMPATH\CodeIgniter.php(499): CodeIgniter\CodeIgniter->runController(Object(App\Controllers\DashController))
 8 SYSTEMPATH\CodeIgniter.php(368): CodeIgniter\CodeIgniter->handleRequest(null, Object(Config\Cache), false)
 9 FCPATH\index.php(67): CodeIgniter\CodeIgniter->run()
CRITICAL - 2023-02-21 16:16:50 --> json_decode(): Argument #1 ($json) must be of type string, array given
in APPPATH\Controllers\DashController.php on line 24.
 1 APPPATH\Controllers\DashController.php(24): json_decode([...])
 2 SYSTEMPATH\CodeIgniter.php(934): App\Controllers\DashController->login()
 3 SYSTEMPATH\CodeIgniter.php(499): CodeIgniter\CodeIgniter->runController(Object(App\Controllers\DashController))
 4 SYSTEMPATH\CodeIgniter.php(368): CodeIgniter\CodeIgniter->handleRequest(null, Object(Config\Cache), false)
 5 FCPATH\index.php(67): CodeIgniter\CodeIgniter->run()
CRITICAL - 2023-02-21 16:22:05 --> Undefined constant "App\Controllers\this"
in APPPATH\Controllers\DashController.php on line 23.
 1 SYSTEMPATH\CodeIgniter.php(934): App\Controllers\DashController->login()
 2 SYSTEMPATH\CodeIgniter.php(499): CodeIgniter\CodeIgniter->runController(Object(App\Controllers\DashController))
 3 SYSTEMPATH\CodeIgniter.php(368): CodeIgniter\CodeIgniter->handleRequest(null, Object(Config\Cache), false)
 4 FCPATH\index.php(67): CodeIgniter\CodeIgniter->run()
CRITICAL - 2023-02-21 17:29:32 --> "username is required" is not a valid rule.
in SYSTEMPATH\Validation\Validation.php on line 320.
 1 SYSTEMPATH\Validation\Validation.php(320): CodeIgniter\Validation\Exceptions\ValidationException::forRuleNotFound('username is required')
 2 SYSTEMPATH\Validation\Validation.php(170): CodeIgniter\Validation\Validation->processRules('username', 'username', 'C:\\xampp\\htdocs\\stzsoft', [...], [...])
 3 SYSTEMPATH\Controller.php(140): CodeIgniter\Validation\Validation->run()
 4 APPPATH\Controllers\DashController.php(23): CodeIgniter\Controller->validate([...])
 5 SYSTEMPATH\CodeIgniter.php(934): App\Controllers\DashController->login()
 6 SYSTEMPATH\CodeIgniter.php(499): CodeIgniter\CodeIgniter->runController(Object(App\Controllers\DashController))
 7 SYSTEMPATH\CodeIgniter.php(368): CodeIgniter\CodeIgniter->handleRequest(null, Object(Config\Cache), false)
 8 FCPATH\index.php(67): CodeIgniter\CodeIgniter->run()
