CRITICAL - 2023-02-17 08:39:31 --> Undefined variable $page_data
in APPPATH\Views\website\partials\breadcrumb.php on line 8.
 1 APPPATH\Views\website\partials\breadcrumb.php(8): CodeIgniter\Debug\Exceptions->errorHandler(2, 'Undefined variable $page_data', 'APPPATH\\Views\\website\\partials\\breadcrumb.php', 8)
 2 SYSTEMPATH\View\View.php(213): include('APPPATH\\Views\\website\\partials\\breadcrumb.php')
 3 SYSTEMPATH\View\View.php(216): CodeIgniter\View\View->CodeIgniter\View\{closure}()
 4 SYSTEMPATH\Common.php(1177): CodeIgniter\View\View->render('website/partials/breadcrumb', [], true)
 5 APPPATH\Views\website\partials\template.php(4): view('website/partials/breadcrumb')
 6 SYSTEMPATH\View\View.php(213): include('APPPATH\\Views\\website\\partials\\template.php')
 7 SYSTEMPATH\View\View.php(216): CodeIgniter\View\View->CodeIgniter\View\{closure}()
 8 SYSTEMPATH\Common.php(1177): CodeIgniter\View\View->render('website/partials/template', [], true)
 9 APPPATH\Controllers\Home.php(75): view('website/partials/template', [...])
10 SYSTEMPATH\CodeIgniter.php(934): App\Controllers\Home->trademark()
11 SYSTEMPATH\CodeIgniter.php(499): CodeIgniter\CodeIgniter->runController(Object(App\Controllers\Home))
12 SYSTEMPATH\CodeIgniter.php(368): CodeIgniter\CodeIgniter->handleRequest(null, Object(Config\Cache), false)
13 FCPATH\index.php(67): CodeIgniter\CodeIgniter->run()
CRITICAL - 2023-02-17 08:39:50 --> Undefined variable $page_data
in APPPATH\Views\website\partials\breadcrumb.php on line 8.
 1 APPPATH\Views\website\partials\breadcrumb.php(8): CodeIgniter\Debug\Exceptions->errorHandler(2, 'Undefined variable $page_data', 'APPPATH\\Views\\website\\partials\\breadcrumb.php', 8)
 2 SYSTEMPATH\View\View.php(213): include('APPPATH\\Views\\website\\partials\\breadcrumb.php')
 3 SYSTEMPATH\View\View.php(216): CodeIgniter\View\View->CodeIgniter\View\{closure}()
 4 SYSTEMPATH\Common.php(1177): CodeIgniter\View\View->render('website/partials/breadcrumb', [], true)
 5 APPPATH\Views\website\partials\template.php(4): view('website/partials/breadcrumb')
 6 SYSTEMPATH\View\View.php(213): include('APPPATH\\Views\\website\\partials\\template.php')
 7 SYSTEMPATH\View\View.php(216): CodeIgniter\View\View->CodeIgniter\View\{closure}()
 8 SYSTEMPATH\Common.php(1177): CodeIgniter\View\View->render('website/partials/template', [], true)
 9 APPPATH\Config\Routes.php(21): view('website/partials/template', [...])
10 SYSTEMPATH\CodeIgniter.php(954): CodeIgniter\Router\RouteCollection->Config\{closure}('Can\'t find a route for \'get: assets/website/css/bootstrap.min.css.map\'.')
11 SYSTEMPATH\CodeIgniter.php(387): CodeIgniter\CodeIgniter->display404errors(Object(CodeIgniter\Exceptions\PageNotFoundException))
12 FCPATH\index.php(67): CodeIgniter\CodeIgniter->run()
