CRITICAL - 2023-02-16 04:52:56 --> Invalid file: "admin/partials/template.php"
in SYSTEMPATH\Exceptions\FrameworkException.php on line 33.
 1 SYSTEMPATH\View\View.php(201): CodeIgniter\Exceptions\FrameworkException::forInvalidFile('admin/partials/template.php')
 2 SYSTEMPATH\Common.php(1177): CodeIgniter\View\View->render('admin/partials/template', [], true)
 3 APPPATH\Config\Routes.php(20): view('admin/partials/template', [...])
 4 SYSTEMPATH\CodeIgniter.php(954): CodeIgniter\Router\RouteCollection->Config\{closure}('Can\'t find a route for \'get: career\'.')
 5 SYSTEMPATH\CodeIgniter.php(387): CodeIgniter\CodeIgniter->display404errors(Object(CodeIgniter\Exceptions\PageNotFoundException))
 6 FCPATH\index.php(67): CodeIgniter\CodeIgniter->run()
CRITICAL - 2023-02-16 04:53:43 --> Invalid file: "admin/partials/template.php"
in SYSTEMPATH\Exceptions\FrameworkException.php on line 33.
 1 SYSTEMPATH\View\View.php(201): CodeIgniter\Exceptions\FrameworkException::forInvalidFile('admin/partials/template.php')
 2 SYSTEMPATH\Common.php(1177): CodeIgniter\View\View->render('admin/partials/template', [], true)
 3 APPPATH\Config\Routes.php(20): view('admin/partials/template', [...])
 4 SYSTEMPATH\CodeIgniter.php(954): CodeIgniter\Router\RouteCollection->Config\{closure}('Can\'t find a route for \'get: career\'.')
 5 SYSTEMPATH\CodeIgniter.php(387): CodeIgniter\CodeIgniter->display404errors(Object(CodeIgniter\Exceptions\PageNotFoundException))
 6 FCPATH\index.php(67): CodeIgniter\CodeIgniter->run()
CRITICAL - 2023-02-16 04:54:36 --> Invalid file: "admin/partials/template.php"
in SYSTEMPATH\Exceptions\FrameworkException.php on line 33.
 1 SYSTEMPATH\View\View.php(201): CodeIgniter\Exceptions\FrameworkException::forInvalidFile('admin/partials/template.php')
 2 SYSTEMPATH\Common.php(1177): CodeIgniter\View\View->render('admin/partials/template', [], true)
 3 APPPATH\Config\Routes.php(20): view('admin/partials/template', [...])
 4 SYSTEMPATH\CodeIgniter.php(954): CodeIgniter\Router\RouteCollection->Config\{closure}('Can\'t find a route for \'get: career\'.')
 5 SYSTEMPATH\CodeIgniter.php(387): CodeIgniter\CodeIgniter->display404errors(Object(CodeIgniter\Exceptions\PageNotFoundException))
 6 FCPATH\index.php(67): CodeIgniter\CodeIgniter->run()
